Using pre-set license
Built from '6000.0/staging' branch; Version is '6000.0.32f1 (b2e806cf271c) revision 11724806'; Using compiler version '193933523'; Build Type 'Release'
OS: 'Windows 11  (10.0.22631) 64bit Professional' Language: 'en' Physical Memory: 32694 MB
BatchMode: 1, IsHumanControllingUs: 0, StartBugReporterOnCrash: 0, Is64bit: 1, IsPro: 1

COMMAND LINE ARGUMENTS:
C:\Program Files\Unity\Hub\Editor\6000.0.32f1\Editor\Unity.exe
-adb2
-batchMode
-noUpm
-name
AssetImportWorker2
-projectPath
E:/Development/BlastZone/BlastZone/Blast Zone
-logFile
Logs/AssetImportWorker2.log
-srvPort
61648
-job-worker-count
7
-background-job-worker-count
8
-gc-helper-count
1
Successfully changed project path to: E:/Development/BlastZone/BlastZone/Blast Zone
E:/Development/BlastZone/BlastZone/Blast Zone
[UnityMemory] Configuration Parameters - Can be set up in boot.config
    "memorysetup-bucket-allocator-granularity=16"
    "memorysetup-bucket-allocator-bucket-count=8"
    "memorysetup-bucket-allocator-block-size=33554432"
    "memorysetup-bucket-allocator-block-count=8"
    "memorysetup-main-allocator-block-size=16777216"
    "memorysetup-thread-allocator-block-size=16777216"
    "memorysetup-gfx-main-allocator-block-size=16777216"
    "memorysetup-gfx-thread-allocator-block-size=16777216"
    "memorysetup-cache-allocator-block-size=4194304"
    "memorysetup-typetree-allocator-block-size=2097152"
    "memorysetup-profiler-bucket-allocator-granularity=16"
    "memorysetup-profiler-bucket-allocator-bucket-count=8"
    "memorysetup-profiler-bucket-allocator-block-size=33554432"
    "memorysetup-profiler-bucket-allocator-block-count=8"
    "memorysetup-profiler-allocator-block-size=16777216"
    "memorysetup-profiler-editor-allocator-block-size=1048576"
    "memorysetup-temp-allocator-size-main=16777216"
    "memorysetup-job-temp-allocator-block-size=2097152"
    "memorysetup-job-temp-allocator-block-size-background=1048576"
    "memorysetup-job-temp-allocator-reduction-small-platforms=262144"
    "memorysetup-allocator-temp-initial-block-size-main=262144"
    "memorysetup-allocator-temp-initial-block-size-worker=262144"
    "memorysetup-temp-allocator-size-background-worker=32768"
    "memorysetup-temp-allocator-size-job-worker=262144"
    "memorysetup-temp-allocator-size-preload-manager=33554432"
    "memorysetup-temp-allocator-size-nav-mesh-worker=65536"
    "memorysetup-temp-allocator-size-audio-worker=65536"
    "memorysetup-temp-allocator-size-cloud-worker=32768"
    "memorysetup-temp-allocator-size-gi-baking-worker=262144"
    "memorysetup-temp-allocator-size-gi-baking-worker=262144"
    "memorysetup-temp-allocator-size-gi-baking-worker=262144"
    "memorysetup-temp-allocator-size-gi-baking-worker=262144"
    "memorysetup-temp-allocator-size-gi-baking-worker=262144"
    "memorysetup-temp-allocator-size-gfx=262144"
Player connection [38860]  Target information:

Player connection [38860]  * "[IP] 10.100.102.176 [Port] 0 [Flags] 2 [Guid] 3025273581 [EditorId] 3025273581 [Version] 1048832 [Id] WindowsEditor(7,Diabolica) [Debug] 1 [PackageName] WindowsEditor [ProjectName] Editor" 

Player connection [38860] Host joined multi-casting on [225.0.0.222:54997]...
Player connection [38860] Host joined alternative multi-casting on [225.0.0.222:34997]...
JobSystem: Creating JobQueue using job-worker-count value 7
[Physics::Module] Initialized fallback backend.
[Physics::Module] Id: 0xdecafbad
Library Redirect Path: Library/
[Physics::Module] Selected backend.
[Physics::Module] Name: PhysX
[Physics::Module] Id: 0xf2b8ea05
[Physics::Module] SDK Version: 4.1.2
[Physics::Module] Integration Version: 1.0.0
[Physics::Module] Threading Mode: Multi-Threaded
Refreshing native plugins compatible for Editor in 3.14 ms, found 4 plugins.
Preloading 0 native plugins for Editor in 0.00 ms.
Initialize engine version: 6000.0.32f1 (b2e806cf271c)
[Subsystems] Discovering subsystems at path C:/Program Files/Unity/Hub/Editor/6000.0.32f1/Editor/Data/Resources/UnitySubsystems
[Subsystems] Discovering subsystems at path E:/Development/BlastZone/BlastZone/Blast Zone/Assets
GfxDevice: creating device client; kGfxThreadingModeNonThreaded
Direct3D:
    Version:  Direct3D 11.0 [level 11.1]
    Renderer: NVIDIA GeForce RTX 2070 SUPER (ID=0x1e84)
    Vendor:   NVIDIA
    VRAM:     7989 MB
    Driver:   32.0.15.6614
Initialize mono
Mono path[0] = 'C:/Program Files/Unity/Hub/Editor/6000.0.32f1/Editor/Data/Managed'
Mono path[1] = 'C:/Program Files/Unity/Hub/Editor/6000.0.32f1/Editor/Data/MonoBleedingEdge/lib/mono/unityjit-win32'
Mono config path = 'C:/Program Files/Unity/Hub/Editor/6000.0.32f1/Editor/Data/MonoBleedingEdge/etc'
Using monoOptions --debugger-agent=transport=dt_socket,embedding=1,server=y,suspend=n,address=127.0.0.1:56548
Begin MonoManager ReloadAssembly
Registering precompiled unity dll's ...
Register platform support module: C:/Program Files/Unity/Hub/Editor/6000.0.32f1/Editor/Data/PlaybackEngines/WebGLSupport/UnityEditor.WebGL.Extensions.dll
Register platform support module: C:/Program Files/Unity/Hub/Editor/6000.0.32f1/Editor/Data/PlaybackEngines/WindowsStandaloneSupport/UnityEditor.WindowsStandalone.Extensions.dll
Registered in 0.003249 seconds.
- Loaded All Assemblies, in  0.387 seconds
Native extension for WindowsStandalone target not found
Native extension for WebGL target not found
Mono: successfully reloaded assembly
- Finished resetting the current domain, in  0.309 seconds
Domain Reload Profiling: 694ms
	BeginReloadAssembly (141ms)
		ExecutionOrderSort (0ms)
		DisableScriptedObjects (0ms)
		BackupInstance (0ms)
		ReleaseScriptingObjects (0ms)
		CreateAndSetChildDomain (1ms)
	RebuildCommonClasses (32ms)
	RebuildNativeTypeToScriptingClass (11ms)
	initialDomainReloadingComplete (47ms)
	LoadAllAssembliesAndSetupDomain (153ms)
		LoadAssemblies (137ms)
		RebuildTransferFunctionScriptingTraits (0ms)
		AnalyzeDomain (150ms)
			TypeCache.Refresh (149ms)
				TypeCache.ScanAssembly (137ms)
			BuildScriptInfoCaches (0ms)
			ResolveRequiredComponents (0ms)
	FinalizeReload (309ms)
		ReleaseScriptCaches (0ms)
		RebuildScriptCaches (0ms)
		SetupLoadedEditorAssemblies (264ms)
			LogAssemblyErrors (0ms)
			InitializePlatformSupportModulesInManaged (27ms)
			SetLoadedEditorAssemblies (4ms)
			BeforeProcessingInitializeOnLoad (48ms)
			ProcessInitializeOnLoadAttributes (136ms)
			ProcessInitializeOnLoadMethodAttributes (49ms)
			AfterProcessingInitializeOnLoad (0ms)
			EditorAssembliesLoaded (0ms)
		ExecutionOrderSort2 (0ms)
		AwakeInstancesAfterBackupRestoration (0ms)
========================================================================
Worker process is ready to serve import requests
Import Worker Mode flag is 0x00
Begin MonoManager ReloadAssembly
- Loaded All Assemblies, in  0.739 seconds
Refreshing native plugins compatible for Editor in 1.48 ms, found 4 plugins.
Native extension for WindowsStandalone target not found
Native extension for WebGL target not found
Mono: successfully reloaded assembly
- Finished resetting the current domain, in  0.742 seconds
Domain Reload Profiling: 1479ms
	BeginReloadAssembly (172ms)
		ExecutionOrderSort (0ms)
		DisableScriptedObjects (5ms)
		BackupInstance (0ms)
		ReleaseScriptingObjects (0ms)
		CreateAndSetChildDomain (33ms)
	RebuildCommonClasses (41ms)
	RebuildNativeTypeToScriptingClass (12ms)
	initialDomainReloadingComplete (38ms)
	LoadAllAssembliesAndSetupDomain (473ms)
		LoadAssemblies (331ms)
		RebuildTransferFunctionScriptingTraits (0ms)
		AnalyzeDomain (247ms)
			TypeCache.Refresh (166ms)
				TypeCache.ScanAssembly (151ms)
			BuildScriptInfoCaches (69ms)
			ResolveRequiredComponents (9ms)
	FinalizeReload (743ms)
		ReleaseScriptCaches (0ms)
		RebuildScriptCaches (0ms)
		SetupLoadedEditorAssemblies (617ms)
			LogAssemblyErrors (0ms)
			InitializePlatformSupportModulesInManaged (3ms)
			SetLoadedEditorAssemblies (3ms)
			BeforeProcessingInitializeOnLoad (97ms)
			ProcessInitializeOnLoadAttributes (409ms)
			ProcessInitializeOnLoadMethodAttributes (98ms)
			AfterProcessingInitializeOnLoad (6ms)
			EditorAssembliesLoaded (0ms)
		ExecutionOrderSort2 (0ms)
		AwakeInstancesAfterBackupRestoration (5ms)
Launched and connected shader compiler UnityShaderCompiler.exe after 0.02 seconds
Refreshing native plugins compatible for Editor in 2.40 ms, found 4 plugins.
Preloading 0 native plugins for Editor in 0.00 ms.
Unloading 205 Unused Serialized files (Serialized files now loaded: 0)
Unloading 6525 unused Assets / (5.4 MB). Loaded Objects now: 7203.
Memory consumption went from 173.0 MB to 167.5 MB.
Total: 14.933500 ms (FindLiveObjects: 1.120900 ms CreateObjectMapping: 1.266200 ms MarkObjects: 8.373500 ms  DeleteObjects: 4.169000 ms)

========================================================================
Received Import Request.
  Time since last request: 63214.905472 seconds.
  path: Assets/Settings/Lit2DSceneTemplate.scenetemplate
  artifactKey: Guid(d03ed43fc9d8a4f2e9fa70c1c7916eb9) Importer(815301076,1909f56bfc062723c751e8b465ee728b)
Start importing Assets/Settings/Lit2DSceneTemplate.scenetemplate using Guid(d03ed43fc9d8a4f2e9fa70c1c7916eb9) Importer(815301076,1909f56bfc062723c751e8b465ee728b) (PreviewImporter) -> (artifact id: '1239fe312a8a2c9d1f5341fb7f134551') in 0.1306775 seconds
Number of updated asset objects reloaded before import = 0Number of asset objects unloaded after import = 5

========================================================================
Received Import Request.
  Time since last request: 21.107647 seconds.
  path: Assets/Sprites
  artifactKey: Guid(492883860c6e19841a95304622d15cd4) Importer(815301076,1909f56bfc062723c751e8b465ee728b)
Start importing Assets/Sprites using Guid(492883860c6e19841a95304622d15cd4) Importer(815301076,1909f56bfc062723c751e8b465ee728b) (PreviewImporter) -> (artifact id: 'e6722eb70629697f25d70b64bec51c97') in 0.0005462 seconds
Number of updated asset objects reloaded before import = 0Number of asset objects unloaded after import = 0

========================================================================
Received Import Request.
  Time since last request: 0.894223 seconds.
  path: Assets/Sprites
  artifactKey: Guid(492883860c6e19841a95304622d15cd4) Importer(2089858483,192608db42251d675da83286b1cce702)
Start importing Assets/Sprites using Guid(492883860c6e19841a95304622d15cd4) Importer(2089858483,192608db42251d675da83286b1cce702) (ScriptedImporter) -> (artifact id: '6f837d3b6cbafbfcb54e45c3a4f5b4a0') in 0.1149945 seconds
Number of updated asset objects reloaded before import = 0Number of asset objects unloaded after import = 1

========================================================================
Received Import Request.
  Time since last request: 9.999208 seconds.
  path: Assets/Sprites/blastzone.png
  artifactKey: Guid(3f0086e1e629dc34899558a9606ca38e) Importer(815301076,1909f56bfc062723c751e8b465ee728b)
Start importing Assets/Sprites/blastzone.png using Guid(3f0086e1e629dc34899558a9606ca38e) Importer(815301076,1909f56bfc062723c751e8b465ee728b) (PreviewImporter) -> (artifact id: '1a8bf3dc71e61665113087db25e221a4') in 0.0514984 seconds
Number of updated asset objects reloaded before import = 0Number of asset objects unloaded after import = 3

========================================================================
Received Import Request.
  Time since last request: 0.885561 seconds.
  path: Assets/Sprites/blastzone.png
  artifactKey: Guid(3f0086e1e629dc34899558a9606ca38e) Importer(2089858483,192608db42251d675da83286b1cce702)
Start importing Assets/Sprites/blastzone.png using Guid(3f0086e1e629dc34899558a9606ca38e) Importer(2089858483,192608db42251d675da83286b1cce702) (ScriptedImporter) -> (artifact id: 'e9b5d155f62dfc202c546d843dee2361') in 0.0739096 seconds
Number of updated asset objects reloaded before import = 0Number of asset objects unloaded after import = 3

========================================================================
Received Import Request.
  Time since last request: 3.897879 seconds.
  path: Assets/Sprites/Logo.png
  artifactKey: Guid(3f0086e1e629dc34899558a9606ca38e) Importer(815301076,1909f56bfc062723c751e8b465ee728b)
Start importing Assets/Sprites/Logo.png using Guid(3f0086e1e629dc34899558a9606ca38e) Importer(815301076,1909f56bfc062723c751e8b465ee728b) (PreviewImporter) -> (artifact id: '6640bb5d64ce70d8e9d6671d95df0fdc') in 0.0152003 seconds
Number of updated asset objects reloaded before import = 0Number of asset objects unloaded after import = 3

========================================================================
Received Import Request.
  Time since last request: 0.919453 seconds.
  path: Assets/Sprites/Logo.png
  artifactKey: Guid(3f0086e1e629dc34899558a9606ca38e) Importer(2089858483,192608db42251d675da83286b1cce702)
Start importing Assets/Sprites/Logo.png using Guid(3f0086e1e629dc34899558a9606ca38e) Importer(2089858483,192608db42251d675da83286b1cce702) (ScriptedImporter) -> (artifact id: '54b20f7e5cbae288d9d06fbcbf4dca18') in 0.0137815 seconds
Number of updated asset objects reloaded before import = 0Number of asset objects unloaded after import = 3

========================================================================
Received Prepare
Begin MonoManager ReloadAssembly
- Loaded All Assemblies, in  1.162 seconds
'Assets/Photon/Fusion/Runtime/Fusion.Unity.cs' contains partial class of Unity.Object, exactly 1 of the partial classes needs to be in a file with the same filename. This is to know the one that can be referenced from ie. GameObjects
'Assets/Photon/Fusion/Runtime/Fusion.Unity.cs' contains partial class of Unity.Object, exactly 1 of the partial classes needs to be in a file with the same filename. This is to know the one that can be referenced from ie. GameObjects
Refreshing native plugins compatible for Editor in 4.32 ms, found 5 plugins.
Native extension for WindowsStandalone target not found
Native extension for WebGL target not found
Mono: successfully reloaded assembly
- Finished resetting the current domain, in  0.812 seconds
Domain Reload Profiling: 1974ms
	BeginReloadAssembly (284ms)
		ExecutionOrderSort (0ms)
		DisableScriptedObjects (17ms)
		BackupInstance (0ms)
		ReleaseScriptingObjects (0ms)
		CreateAndSetChildDomain (95ms)
	RebuildCommonClasses (38ms)
	RebuildNativeTypeToScriptingClass (15ms)
	initialDomainReloadingComplete (32ms)
	LoadAllAssembliesAndSetupDomain (792ms)
		LoadAssemblies (533ms)
		RebuildTransferFunctionScriptingTraits (0ms)
		AnalyzeDomain (375ms)
			TypeCache.Refresh (207ms)
				TypeCache.ScanAssembly (192ms)
			BuildScriptInfoCaches (149ms)
			ResolveRequiredComponents (15ms)
	FinalizeReload (813ms)
		ReleaseScriptCaches (0ms)
		RebuildScriptCaches (0ms)
		SetupLoadedEditorAssemblies (629ms)
			LogAssemblyErrors (0ms)
			InitializePlatformSupportModulesInManaged (3ms)
			SetLoadedEditorAssemblies (6ms)
			BeforeProcessingInitializeOnLoad (110ms)
			ProcessInitializeOnLoadAttributes (440ms)
			ProcessInitializeOnLoadMethodAttributes (63ms)
			AfterProcessingInitializeOnLoad (6ms)
			EditorAssembliesLoaded (0ms)
		ExecutionOrderSort2 (0ms)
		AwakeInstancesAfterBackupRestoration (11ms)
Refreshing native plugins compatible for Editor in 4.39 ms, found 5 plugins.
Preloading 0 native plugins for Editor in 0.00 ms.
Unloading 14 Unused Serialized files (Serialized files now loaded: 0)
Unloading 6588 unused Assets / (5.0 MB). Loaded Objects now: 7277.
Memory consumption went from 149.9 MB to 144.9 MB.
Total: 9.314300 ms (FindLiveObjects: 0.751100 ms CreateObjectMapping: 0.858600 ms MarkObjects: 4.895700 ms  DeleteObjects: 2.807700 ms)

Prepare: number of updated asset objects reloaded= 0
========================================================================
Received Prepare
Begin MonoManager ReloadAssembly
- Loaded All Assemblies, in  0.772 seconds
'Assets/Photon/Fusion/Runtime/Fusion.Unity.cs' contains partial class of Unity.Object, exactly 1 of the partial classes needs to be in a file with the same filename. This is to know the one that can be referenced from ie. GameObjects
'Assets/Photon/Fusion/Runtime/Fusion.Unity.cs' contains partial class of Unity.Object, exactly 1 of the partial classes needs to be in a file with the same filename. This is to know the one that can be referenced from ie. GameObjects
Refreshing native plugins compatible for Editor in 3.75 ms, found 5 plugins.
Native extension for WindowsStandalone target not found
Native extension for WebGL target not found
Mono: successfully reloaded assembly
- Finished resetting the current domain, in  0.803 seconds
Domain Reload Profiling: 1576ms
	BeginReloadAssembly (209ms)
		ExecutionOrderSort (0ms)
		DisableScriptedObjects (13ms)
		BackupInstance (0ms)
		ReleaseScriptingObjects (0ms)
		CreateAndSetChildDomain (57ms)
	RebuildCommonClasses (35ms)
	RebuildNativeTypeToScriptingClass (15ms)
	initialDomainReloadingComplete (33ms)
	LoadAllAssembliesAndSetupDomain (480ms)
		LoadAssemblies (382ms)
		RebuildTransferFunctionScriptingTraits (0ms)
		AnalyzeDomain (199ms)
			TypeCache.Refresh (6ms)
				TypeCache.ScanAssembly (0ms)
			BuildScriptInfoCaches (176ms)
			ResolveRequiredComponents (14ms)
	FinalizeReload (803ms)
		ReleaseScriptCaches (0ms)
		RebuildScriptCaches (0ms)
		SetupLoadedEditorAssemblies (598ms)
			LogAssemblyErrors (0ms)
			InitializePlatformSupportModulesInManaged (3ms)
			SetLoadedEditorAssemblies (7ms)
			BeforeProcessingInitializeOnLoad (115ms)
			ProcessInitializeOnLoadAttributes (407ms)
			ProcessInitializeOnLoadMethodAttributes (61ms)
			AfterProcessingInitializeOnLoad (5ms)
			EditorAssembliesLoaded (0ms)
		ExecutionOrderSort2 (0ms)
		AwakeInstancesAfterBackupRestoration (10ms)
Refreshing native plugins compatible for Editor in 4.57 ms, found 5 plugins.
Preloading 0 native plugins for Editor in 0.00 ms.
Unloading 14 Unused Serialized files (Serialized files now loaded: 0)
Unloading 6588 unused Assets / (4.8 MB). Loaded Objects now: 7279.
Memory consumption went from 149.9 MB to 145.2 MB.
Total: 9.070800 ms (FindLiveObjects: 0.609600 ms CreateObjectMapping: 0.705500 ms MarkObjects: 5.097800 ms  DeleteObjects: 2.656700 ms)

Prepare: number of updated asset objects reloaded= 0
========================================================================
Received Prepare
Begin MonoManager ReloadAssembly
- Loaded All Assemblies, in  0.775 seconds
'Assets/Photon/Fusion/Runtime/Fusion.Unity.cs' contains partial class of Unity.Object, exactly 1 of the partial classes needs to be in a file with the same filename. This is to know the one that can be referenced from ie. GameObjects
'Assets/Photon/Fusion/Runtime/Fusion.Unity.cs' contains partial class of Unity.Object, exactly 1 of the partial classes needs to be in a file with the same filename. This is to know the one that can be referenced from ie. GameObjects
Refreshing native plugins compatible for Editor in 3.65 ms, found 5 plugins.
Native extension for WindowsStandalone target not found
Native extension for WebGL target not found
Mono: successfully reloaded assembly
- Finished resetting the current domain, in  0.777 seconds
Domain Reload Profiling: 1553ms
	BeginReloadAssembly (201ms)
		ExecutionOrderSort (0ms)
		DisableScriptedObjects (13ms)
		BackupInstance (0ms)
		ReleaseScriptingObjects (0ms)
		CreateAndSetChildDomain (49ms)
	RebuildCommonClasses (30ms)
	RebuildNativeTypeToScriptingClass (13ms)
	initialDomainReloadingComplete (29ms)
	LoadAllAssembliesAndSetupDomain (503ms)
		LoadAssemblies (367ms)
		RebuildTransferFunctionScriptingTraits (0ms)
		AnalyzeDomain (235ms)
			TypeCache.Refresh (7ms)
				TypeCache.ScanAssembly (0ms)
			BuildScriptInfoCaches (214ms)
			ResolveRequiredComponents (10ms)
	FinalizeReload (777ms)
		ReleaseScriptCaches (0ms)
		RebuildScriptCaches (0ms)
		SetupLoadedEditorAssemblies (589ms)
			LogAssemblyErrors (0ms)
			InitializePlatformSupportModulesInManaged (3ms)
			SetLoadedEditorAssemblies (5ms)
			BeforeProcessingInitializeOnLoad (106ms)
			ProcessInitializeOnLoadAttributes (407ms)
			ProcessInitializeOnLoadMethodAttributes (61ms)
			AfterProcessingInitializeOnLoad (5ms)
			EditorAssembliesLoaded (0ms)
		ExecutionOrderSort2 (0ms)
		AwakeInstancesAfterBackupRestoration (10ms)
Refreshing native plugins compatible for Editor in 3.63 ms, found 5 plugins.
Preloading 0 native plugins for Editor in 0.00 ms.
Unloading 14 Unused Serialized files (Serialized files now loaded: 0)
Unloading 6588 unused Assets / (5.1 MB). Loaded Objects now: 7281.
Memory consumption went from 149.9 MB to 144.8 MB.
Total: 8.207700 ms (FindLiveObjects: 0.616700 ms CreateObjectMapping: 0.737500 ms MarkObjects: 4.421100 ms  DeleteObjects: 2.431600 ms)

Prepare: number of updated asset objects reloaded= 0
========================================================================
Received Import Request.
  Time since last request: 614.263321 seconds.
  path: Assets/Photon/Fusion/Resources/NetworkProjectConfig.fusion
  artifactKey: Guid(90cfeaaee97dd33449c2613b0989abbe) Importer(815301076,1909f56bfc062723c751e8b465ee728b)
Start importing Assets/Photon/Fusion/Resources/NetworkProjectConfig.fusion using Guid(90cfeaaee97dd33449c2613b0989abbe) Importer(815301076,1909f56bfc062723c751e8b465ee728b) (PreviewImporter) -> (artifact id: '3436b430830d3168b7e7f5f122ad87af') in 0.0387675 seconds
Number of updated asset objects reloaded before import = 0Number of asset objects unloaded after import = 1

========================================================================
Received Import Request.
  Time since last request: 477.151059 seconds.
  path: Assets/Photon/Fusion/Resources/NetworkProjectConfig.fusion
  artifactKey: Guid(90cfeaaee97dd33449c2613b0989abbe) Importer(815301076,1909f56bfc062723c751e8b465ee728b)
Start importing Assets/Photon/Fusion/Resources/NetworkProjectConfig.fusion using Guid(90cfeaaee97dd33449c2613b0989abbe) Importer(815301076,1909f56bfc062723c751e8b465ee728b) (PreviewImporter) -> (artifact id: '8ef1961a8d1478f2472f12fae1471205') in 0.0016038 seconds
Number of updated asset objects reloaded before import = 0Number of asset objects unloaded after import = 1

========================================================================
Received Prepare
Refreshing native plugins compatible for Editor in 4.48 ms, found 5 plugins.
Preloading 0 native plugins for Editor in 0.00 ms.
Unloading 14 Unused Serialized files (Serialized files now loaded: 0)
Unloading 14 unused Assets / (2.3 MB). Loaded Objects now: 7281.
Memory consumption went from 145.1 MB to 142.9 MB.
Total: 7.972300 ms (FindLiveObjects: 0.316300 ms CreateObjectMapping: 0.295000 ms MarkObjects: 6.744300 ms  DeleteObjects: 0.615300 ms)

Prepare: number of updated asset objects reloaded= 0
========================================================================
Received Import Request.
  Time since last request: 7.415476 seconds.
  path: Assets/Photon/Fusion/CodeGen/Fusion.CodeGen.asmdef
  artifactKey: Guid(d9d8635f8670c0c44ba7a8140f7ac7b9) Importer(815301076,1909f56bfc062723c751e8b465ee728b)
Start importing Assets/Photon/Fusion/CodeGen/Fusion.CodeGen.asmdef using Guid(d9d8635f8670c0c44ba7a8140f7ac7b9) Importer(815301076,1909f56bfc062723c751e8b465ee728b) (PreviewImporter) -> (artifact id: '21270406ad4686383ade548683870010') in 0.0220703 seconds
Number of updated asset objects reloaded before import = 0Number of asset objects unloaded after import = 0

========================================================================
Received Import Request.
  Time since last request: 5.491508 seconds.
  path: Assets/Photon/FusionDemos
  artifactKey: Guid(c84512579afc07144a473ba298c9eb17) Importer(815301076,1909f56bfc062723c751e8b465ee728b)
Start importing Assets/Photon/FusionDemos using Guid(c84512579afc07144a473ba298c9eb17) Importer(815301076,1909f56bfc062723c751e8b465ee728b) (PreviewImporter) -> (artifact id: 'f3ffd4caa3bf75fb7943e895eecbbdb1') in 0.0006613 seconds
Number of updated asset objects reloaded before import = 0Number of asset objects unloaded after import = 0

========================================================================
Received Import Request.
  Time since last request: 0.991494 seconds.
  path: Assets/Photon/FusionDemos/Photon-Fusion-Intro-Sample-2.0.4-Stable-884.unitypackage
  artifactKey: Guid(13b42dd2ab9c6534691a1076cd3f5e8c) Importer(815301076,1909f56bfc062723c751e8b465ee728b)
Start importing Assets/Photon/FusionDemos/Photon-Fusion-Intro-Sample-2.0.4-Stable-884.unitypackage using Guid(13b42dd2ab9c6534691a1076cd3f5e8c) Importer(815301076,1909f56bfc062723c751e8b465ee728b) (PreviewImporter) -> (artifact id: 'ce0ce564d539daf3bff5dc84e6c23d84') in 0.0199518 seconds
Number of updated asset objects reloaded before import = 0Number of asset objects unloaded after import = 1

========================================================================
Received Prepare
Begin MonoManager ReloadAssembly
- Loaded All Assemblies, in  0.756 seconds
'Assets/Photon/Fusion/Runtime/Fusion.Unity.cs' contains partial class of Unity.Object, exactly 1 of the partial classes needs to be in a file with the same filename. This is to know the one that can be referenced from ie. GameObjects
'Assets/Photon/Fusion/Runtime/Fusion.Unity.cs' contains partial class of Unity.Object, exactly 1 of the partial classes needs to be in a file with the same filename. This is to know the one that can be referenced from ie. GameObjects
Refreshing native plugins compatible for Editor in 3.82 ms, found 5 plugins.
Native extension for WindowsStandalone target not found
Native extension for WebGL target not found
Mono: successfully reloaded assembly
- Finished resetting the current domain, in  0.732 seconds
Domain Reload Profiling: 1488ms
	BeginReloadAssembly (213ms)
		ExecutionOrderSort (0ms)
		DisableScriptedObjects (14ms)
		BackupInstance (0ms)
		ReleaseScriptingObjects (0ms)
		CreateAndSetChildDomain (57ms)
	RebuildCommonClasses (36ms)
	RebuildNativeTypeToScriptingClass (11ms)
	initialDomainReloadingComplete (27ms)
	LoadAllAssembliesAndSetupDomain (470ms)
		LoadAssemblies (364ms)
		RebuildTransferFunctionScriptingTraits (0ms)
		AnalyzeDomain (211ms)
			TypeCache.Refresh (6ms)
				TypeCache.ScanAssembly (0ms)
			BuildScriptInfoCaches (189ms)
			ResolveRequiredComponents (12ms)
	FinalizeReload (732ms)
		ReleaseScriptCaches (0ms)
		RebuildScriptCaches (0ms)
		SetupLoadedEditorAssemblies (567ms)
			LogAssemblyErrors (0ms)
			InitializePlatformSupportModulesInManaged (3ms)
			SetLoadedEditorAssemblies (5ms)
			BeforeProcessingInitializeOnLoad (105ms)
			ProcessInitializeOnLoadAttributes (389ms)
			ProcessInitializeOnLoadMethodAttributes (60ms)
			AfterProcessingInitializeOnLoad (5ms)
			EditorAssembliesLoaded (0ms)
		ExecutionOrderSort2 (0ms)
		AwakeInstancesAfterBackupRestoration (9ms)
Refreshing native plugins compatible for Editor in 4.36 ms, found 5 plugins.
Preloading 0 native plugins for Editor in 0.00 ms.
Unloading 14 Unused Serialized files (Serialized files now loaded: 0)
Unloading 6588 unused Assets / (5.0 MB). Loaded Objects now: 7283.
Memory consumption went from 150.0 MB to 144.9 MB.
Total: 8.852400 ms (FindLiveObjects: 0.713400 ms CreateObjectMapping: 0.795200 ms MarkObjects: 4.594400 ms  DeleteObjects: 2.748500 ms)

Prepare: number of updated asset objects reloaded= 0
========================================================================
Received Prepare
'Assets/Photon/Fusion/Runtime/Fusion.Unity.cs' contains partial class of Unity.Object, exactly 1 of the partial classes needs to be in a file with the same filename. This is to know the one that can be referenced from ie. GameObjects
'Assets/Photon/Fusion/Runtime/Fusion.Unity.cs' contains partial class of Unity.Object, exactly 1 of the partial classes needs to be in a file with the same filename. This is to know the one that can be referenced from ie. GameObjects
Refreshing native plugins compatible for Editor in 4.25 ms, found 5 plugins.
Preloading 0 native plugins for Editor in 0.00 ms.
Unloading 14 Unused Serialized files (Serialized files now loaded: 0)
Unloading 6587 unused Assets / (5.4 MB). Loaded Objects now: 7308.
Memory consumption went from 150.1 MB to 144.8 MB.
Total: 10.347200 ms (FindLiveObjects: 1.110700 ms CreateObjectMapping: 1.134600 ms MarkObjects: 4.948800 ms  DeleteObjects: 3.151900 ms)

Prepare: number of updated asset objects reloaded= 0
========================================================================
Received Prepare
Refreshing native plugins compatible for Editor in 4.32 ms, found 5 plugins.
Preloading 0 native plugins for Editor in 0.00 ms.
Unloading 14 Unused Serialized files (Serialized files now loaded: 0)
Unloading 14 unused Assets / (2.3 MB). Loaded Objects now: 7308.
Memory consumption went from 145.2 MB to 143.0 MB.
Total: 6.406300 ms (FindLiveObjects: 0.641000 ms CreateObjectMapping: 0.463400 ms MarkObjects: 4.801100 ms  DeleteObjects: 0.500200 ms)

Prepare: number of updated asset objects reloaded= 0
========================================================================
Received Prepare
'Assets/Photon/Fusion/Runtime/Fusion.Unity.cs' contains partial class of Unity.Object, exactly 1 of the partial classes needs to be in a file with the same filename. This is to know the one that can be referenced from ie. GameObjects
'Assets/Photon/Fusion/Runtime/Fusion.Unity.cs' contains partial class of Unity.Object, exactly 1 of the partial classes needs to be in a file with the same filename. This is to know the one that can be referenced from ie. GameObjects
Refreshing native plugins compatible for Editor in 3.91 ms, found 5 plugins.
Preloading 0 native plugins for Editor in 0.00 ms.
Unloading 28 Unused Serialized files (Serialized files now loaded: 0)
Unloading 6635 unused Assets / (6.7 MB). Loaded Objects now: 7342.
Memory consumption went from 154.3 MB to 147.6 MB.
Total: 10.136100 ms (FindLiveObjects: 0.830900 ms CreateObjectMapping: 0.900000 ms MarkObjects: 4.674800 ms  DeleteObjects: 3.729200 ms)

Prepare: number of updated asset objects reloaded= 0
========================================================================
Received Import Request.
  Time since last request: 85.282442 seconds.
  path: Assets/Photon/FusionDemos/IntroSample
  artifactKey: Guid(cf4b2413a42bf33419998cdf2cfee17a) Importer(815301076,1909f56bfc062723c751e8b465ee728b)
Start importing Assets/Photon/FusionDemos/IntroSample using Guid(cf4b2413a42bf33419998cdf2cfee17a) Importer(815301076,1909f56bfc062723c751e8b465ee728b) (PreviewImporter) -> (artifact id: 'dd64c4f82dc3118c9b69256113413932') in 0.0195535 seconds
Number of updated asset objects reloaded before import = 0Number of asset objects unloaded after import = 0

========================================================================
Received Import Request.
  Time since last request: 0.879000 seconds.
  path: Assets/Photon/FusionDemos/IntroSample/build_info.txt
  artifactKey: Guid(be55273c99814a24bbe9034dd743abc5) Importer(815301076,1909f56bfc062723c751e8b465ee728b)
Start importing Assets/Photon/FusionDemos/IntroSample/build_info.txt using Guid(be55273c99814a24bbe9034dd743abc5) Importer(815301076,1909f56bfc062723c751e8b465ee728b) (PreviewImporter) -> (artifact id: 'c7122d7623af1a0776bc1dfc5ec51c23') in 0.0192306 seconds
Number of updated asset objects reloaded before import = 0Number of asset objects unloaded after import = 1

========================================================================
Received Import Request.
  Time since last request: 1.000603 seconds.
  path: Assets/Photon/FusionDemos/IntroSample/README.md
  artifactKey: Guid(e63715af0e464d9eb7f72633628a49e1) Importer(815301076,1909f56bfc062723c751e8b465ee728b)
Start importing Assets/Photon/FusionDemos/IntroSample/README.md using Guid(e63715af0e464d9eb7f72633628a49e1) Importer(815301076,1909f56bfc062723c751e8b465ee728b) (PreviewImporter) -> (artifact id: 'f7e2a98aa2fd19259748b31352e1a841') in 0.0009284 seconds
Number of updated asset objects reloaded before import = 0Number of asset objects unloaded after import = 1

========================================================================
Received Import Request.
  Time since last request: 5.284160 seconds.
  path: Assets/Photon/FusionDemos/IntroSample/Sample
  artifactKey: Guid(5ac100d5b5a90b741907ca6a2b3edbd5) Importer(815301076,1909f56bfc062723c751e8b465ee728b)
Start importing Assets/Photon/FusionDemos/IntroSample/Sample using Guid(5ac100d5b5a90b741907ca6a2b3edbd5) Importer(815301076,1909f56bfc062723c751e8b465ee728b) (PreviewImporter) -> (artifact id: 'a65b85f1644ac975641a9b11cf31d26f') in 0.0004914 seconds
Number of updated asset objects reloaded before import = 0Number of asset objects unloaded after import = 0

========================================================================
Received Import Request.
  Time since last request: 2.398949 seconds.
  path: Assets/Photon/FusionDemos/IntroSample/Sample/Scenes
  artifactKey: Guid(1bcf2ffc7415cab40976ef9b728c7d8f) Importer(815301076,1909f56bfc062723c751e8b465ee728b)
Start importing Assets/Photon/FusionDemos/IntroSample/Sample/Scenes using Guid(1bcf2ffc7415cab40976ef9b728c7d8f) Importer(815301076,1909f56bfc062723c751e8b465ee728b) (PreviewImporter) -> (artifact id: 'e49356e1ea6dc9a2e63c7bbc8d267fc0') in 0.0005788 seconds
Number of updated asset objects reloaded before import = 0Number of asset objects unloaded after import = 0

========================================================================
Received Import Request.
  Time since last request: 1.036489 seconds.
  path: Assets/Photon/FusionDemos/IntroSample/Sample/Scenes/FusionDemoGameplayHost.unity
  artifactKey: Guid(fbd15a0cc3b2cee488ce7272d2f4f146) Importer(815301076,1909f56bfc062723c751e8b465ee728b)
Start importing Assets/Photon/FusionDemos/IntroSample/Sample/Scenes/FusionDemoGameplayHost.unity using Guid(fbd15a0cc3b2cee488ce7272d2f4f146) Importer(815301076,1909f56bfc062723c751e8b465ee728b) (PreviewImporter) -> (artifact id: '2a1b81e715f06d62edb88f69eb6ad1bb') in 0.00042 seconds
Number of updated asset objects reloaded before import = 0Number of asset objects unloaded after import = 0

========================================================================
Received Import Request.
  Time since last request: 1.740747 seconds.
  path: Assets/Photon/FusionDemos/IntroSample/Sample/Scenes/FusionDemoGameplayShared.unity
  artifactKey: Guid(10a09311c051d1a47bcfacdc204a352a) Importer(815301076,1909f56bfc062723c751e8b465ee728b)
Start importing Assets/Photon/FusionDemos/IntroSample/Sample/Scenes/FusionDemoGameplayShared.unity using Guid(10a09311c051d1a47bcfacdc204a352a) Importer(815301076,1909f56bfc062723c751e8b465ee728b) (PreviewImporter) -> (artifact id: 'c300e54c849f81aa568ab956e59db319') in 0.0004272 seconds
Number of updated asset objects reloaded before import = 0Number of asset objects unloaded after import = 0

========================================================================
Received Import Request.
  Time since last request: 0.575087 seconds.
  path: Assets/Photon/FusionDemos/IntroSample/Sample/Scenes/FusionDemoMenu.unity
  artifactKey: Guid(c3ffe7353c670464cbfd03781bc51365) Importer(815301076,1909f56bfc062723c751e8b465ee728b)
Start importing Assets/Photon/FusionDemos/IntroSample/Sample/Scenes/FusionDemoMenu.unity using Guid(c3ffe7353c670464cbfd03781bc51365) Importer(815301076,1909f56bfc062723c751e8b465ee728b) (PreviewImporter) -> (artifact id: '862277e84a9fc8136190beac81c675fd') in 0.0004283 seconds
Number of updated asset objects reloaded before import = 0Number of asset objects unloaded after import = 0

========================================================================
Received Import Request.
  Time since last request: 2.093646 seconds.
  path: Assets/Photon/FusionDemos/IntroSample/Sample/Scenes/FusionGameGameplayLightSettings.lighting
  artifactKey: Guid(ccfc92015e29b0d4cbe561e51553dc0a) Importer(815301076,1909f56bfc062723c751e8b465ee728b)
Start importing Assets/Photon/FusionDemos/IntroSample/Sample/Scenes/FusionGameGameplayLightSettings.lighting using Guid(ccfc92015e29b0d4cbe561e51553dc0a) Importer(815301076,1909f56bfc062723c751e8b465ee728b) (PreviewImporter)LightingSettings: switching bake backend from 1 to 2.
 -> (artifact id: 'a847818993ff287e6e3a7effdeae6e43') in 0.0010397 seconds
Number of updated asset objects reloaded before import = 0Number of asset objects unloaded after import = 1

========================================================================
Received Import Request.
  Time since last request: 1.396699 seconds.
  path: Assets/Photon/FusionDemos/IntroSample/Sample/Scenes/FusionDemoGameplay
  artifactKey: Guid(3e395df6363f4884ab175b4f49c07b33) Importer(815301076,1909f56bfc062723c751e8b465ee728b)
Start importing Assets/Photon/FusionDemos/IntroSample/Sample/Scenes/FusionDemoGameplay using Guid(3e395df6363f4884ab175b4f49c07b33) Importer(815301076,1909f56bfc062723c751e8b465ee728b) (PreviewImporter) -> (artifact id: 'c59a1dc9498579741ad67c2a070e4f03') in 0.0004259 seconds
Number of updated asset objects reloaded before import = 0Number of asset objects unloaded after import = 0

========================================================================
Received Import Request.
  Time since last request: 1.147060 seconds.
  path: Assets/Photon/FusionDemos/IntroSample/Sample/Scenes/FusionDemoGameplay/Lightmap-0_comp_dir.png
  artifactKey: Guid(39851369b823af742abec16cf51e5600) Importer(815301076,1909f56bfc062723c751e8b465ee728b)
Start importing Assets/Photon/FusionDemos/IntroSample/Sample/Scenes/FusionDemoGameplay/Lightmap-0_comp_dir.png using Guid(39851369b823af742abec16cf51e5600) Importer(815301076,1909f56bfc062723c751e8b465ee728b) (PreviewImporter) -> (artifact id: 'aa575e333aea63576522397b2bd03936') in 0.0333213 seconds
Number of updated asset objects reloaded before import = 0Number of asset objects unloaded after import = 2

========================================================================
Received Import Request.
  Time since last request: 51.539977 seconds.
  path: Assets/Photon/FusionDemos/IntroSample/Sample/Menu/SampleImplementation/IntroSampleMenuUIMain.cs
  artifactKey: Guid(5c64ff45befc7f049a39a95f31ca4414) Importer(815301076,1909f56bfc062723c751e8b465ee728b)
Start importing Assets/Photon/FusionDemos/IntroSample/Sample/Menu/SampleImplementation/IntroSampleMenuUIMain.cs using Guid(5c64ff45befc7f049a39a95f31ca4414) Importer(815301076,1909f56bfc062723c751e8b465ee728b) (PreviewImporter) -> (artifact id: '0a094bd9014d6531cdb125958dd8f099') in 0.0006129 seconds
Number of updated asset objects reloaded before import = 0Number of asset objects unloaded after import = 0

========================================================================
Received Import Request.
  Time since last request: 0.354330 seconds.
  path: Assets/Photon/FusionDemos/IntroSample/Sample/Menu/SampleImplementation/IntroSampleMenuController.cs
  artifactKey: Guid(22e455b7ea1bab749ac4167e5c5d3d01) Importer(815301076,1909f56bfc062723c751e8b465ee728b)
Start importing Assets/Photon/FusionDemos/IntroSample/Sample/Menu/SampleImplementation/IntroSampleMenuController.cs using Guid(22e455b7ea1bab749ac4167e5c5d3d01) Importer(815301076,1909f56bfc062723c751e8b465ee728b) (PreviewImporter) -> (artifact id: '34345b78879c721440299a4ae3b2eb1d') in 0.0005419 seconds
Number of updated asset objects reloaded before import = 0Number of asset objects unloaded after import = 0

========================================================================
Received Import Request.
  Time since last request: 0.361659 seconds.
  path: Assets/Photon/FusionDemos/IntroSample/Sample/Menu/SampleImplementation/IntroSampleCharacterSelectionUI.cs
  artifactKey: Guid(269b527f8f3db244891dee12ebab49b0) Importer(815301076,1909f56bfc062723c751e8b465ee728b)
Start importing Assets/Photon/FusionDemos/IntroSample/Sample/Menu/SampleImplementation/IntroSampleCharacterSelectionUI.cs using Guid(269b527f8f3db244891dee12ebab49b0) Importer(815301076,1909f56bfc062723c751e8b465ee728b) (PreviewImporter) -> (artifact id: '2028f75b86871862c35eb9964d9c381a') in 0.0004701 seconds
Number of updated asset objects reloaded before import = 0Number of asset objects unloaded after import = 0

========================================================================
Received Prepare
'Assets/Photon/Fusion/Runtime/Fusion.Unity.cs' contains partial class of Unity.Object, exactly 1 of the partial classes needs to be in a file with the same filename. This is to know the one that can be referenced from ie. GameObjects
'Assets/Photon/Fusion/Runtime/Fusion.Unity.cs' contains partial class of Unity.Object, exactly 1 of the partial classes needs to be in a file with the same filename. This is to know the one that can be referenced from ie. GameObjects
Refreshing native plugins compatible for Editor in 4.85 ms, found 5 plugins.
Preloading 0 native plugins for Editor in 0.00 ms.
Unloading 28 Unused Serialized files (Serialized files now loaded: 0)
Unloading 6610 unused Assets / (6.5 MB). Loaded Objects now: 7317.
Memory consumption went from 154.2 MB to 147.8 MB.
Total: 12.340700 ms (FindLiveObjects: 0.947300 ms CreateObjectMapping: 1.163200 ms MarkObjects: 6.265700 ms  DeleteObjects: 3.962900 ms)

Prepare: number of updated asset objects reloaded= 0
========================================================================
Received Prepare
Refreshing native plugins compatible for Editor in 5.41 ms, found 5 plugins.
Preloading 0 native plugins for Editor in 0.00 ms.
Unloading 28 Unused Serialized files (Serialized files now loaded: 0)
Unloading 28 unused Assets / (3.0 MB). Loaded Objects now: 7317.
Memory consumption went from 149.4 MB to 146.4 MB.
Total: 7.824300 ms (FindLiveObjects: 0.405000 ms CreateObjectMapping: 0.411900 ms MarkObjects: 5.963900 ms  DeleteObjects: 1.042100 ms)

Prepare: number of updated asset objects reloaded= 0
========================================================================
Received Prepare
Begin MonoManager ReloadAssembly
- Loaded All Assemblies, in  0.742 seconds
'Assets/Photon/Fusion/Runtime/Fusion.Unity.cs' contains partial class of Unity.Object, exactly 1 of the partial classes needs to be in a file with the same filename. This is to know the one that can be referenced from ie. GameObjects
'Assets/Photon/Fusion/Runtime/Fusion.Unity.cs' contains partial class of Unity.Object, exactly 1 of the partial classes needs to be in a file with the same filename. This is to know the one that can be referenced from ie. GameObjects
Refreshing native plugins compatible for Editor in 3.66 ms, found 5 plugins.
Assertion failed on expression: 'pred(*previous, *i)'
Assertion failed on expression: 'pred(*previous, *i)'
Assertion failed on expression: 'pred(*previous, *i)'
Assertion failed on expression: 'pred(*previous, *i)'
Assertion failed on expression: 'pred(*previous, *i)'
Assertion failed on expression: 'pred(*previous, *i)'
Assertion failed on expression: 'pred(*previous, *i)'
Assertion failed on expression: 'pred(*previous, *i)'
Assertion failed on expression: 'pred(*previous, *i)'
Assertion failed on expression: 'pred(*previous, *i)'
Assertion failed on expression: 'pred(*previous, *i)'
Assertion failed on expression: 'pred(*previous, *i)'
Assertion failed on expression: 'pred(*previous, *i)'
Assertion failed on expression: 'pred(*previous, *i)'
Assertion failed on expression: 'pred(*previous, *i)'
Assertion failed on expression: 'pred(*previous, *i)'
Assertion failed on expression: 'pred(*previous, *i)'
Assertion failed on expression: 'pred(*previous, *i)'
Assertion failed on expression: 'pred(*previous, *i)'
Assertion failed on expression: 'pred(*previous, *i)'
Assertion failed on expression: 'pred(*previous, *i)'
Assertion failed on expression: 'pred(*previous, *i)'
Assertion failed on expression: 'pred(*previous, *i)'
Assertion failed on expression: 'pred(*previous, *i)'
Assertion failed on expression: 'pred(*previous, *i)'
Assertion failed on expression: 'pred(*previous, *i)'
Assertion failed on expression: 'pred(*previous, *i)'
Assertion failed on expression: 'pred(*previous, *i)'
Assertion failed on expression: 'pred(*previous, *i)'
Assertion failed on expression: 'pred(*previous, *i)'
Assertion failed on expression: 'pred(*previous, *i)'
Assertion failed on expression: 'pred(*previous, *i)'
Native extension for WindowsStandalone target not found
Native extension for WebGL target not found
Mono: successfully reloaded assembly
- Finished resetting the current domain, in  0.782 seconds
Domain Reload Profiling: 1525ms
	BeginReloadAssembly (209ms)
		ExecutionOrderSort (0ms)
		DisableScriptedObjects (15ms)
		BackupInstance (0ms)
		ReleaseScriptingObjects (0ms)
		CreateAndSetChildDomain (56ms)
	RebuildCommonClasses (36ms)
	RebuildNativeTypeToScriptingClass (11ms)
	initialDomainReloadingComplete (28ms)
	LoadAllAssembliesAndSetupDomain (458ms)
		LoadAssemblies (345ms)
		RebuildTransferFunctionScriptingTraits (0ms)
		AnalyzeDomain (209ms)
			TypeCache.Refresh (9ms)
				TypeCache.ScanAssembly (1ms)
			BuildScriptInfoCaches (182ms)
			ResolveRequiredComponents (14ms)
	FinalizeReload (782ms)
		ReleaseScriptCaches (0ms)
		RebuildScriptCaches (0ms)
		SetupLoadedEditorAssemblies (598ms)
			LogAssemblyErrors (0ms)
			InitializePlatformSupportModulesInManaged (3ms)
			SetLoadedEditorAssemblies (6ms)
			BeforeProcessingInitializeOnLoad (114ms)
			ProcessInitializeOnLoadAttributes (411ms)
			ProcessInitializeOnLoadMethodAttributes (59ms)
			AfterProcessingInitializeOnLoad (5ms)
			EditorAssembliesLoaded (1ms)
		ExecutionOrderSort2 (0ms)
		AwakeInstancesAfterBackupRestoration (11ms)
Refreshing native plugins compatible for Editor in 3.81 ms, found 5 plugins.
Preloading 0 native plugins for Editor in 0.00 ms.
Unloading 28 Unused Serialized files (Serialized files now loaded: 0)
Unloading 6636 unused Assets / (6.3 MB). Loaded Objects now: 7319.
Memory consumption went from 154.2 MB to 147.9 MB.
Total: 8.677700 ms (FindLiveObjects: 0.641500 ms CreateObjectMapping: 0.816400 ms MarkObjects: 4.423400 ms  DeleteObjects: 2.795600 ms)

Prepare: number of updated asset objects reloaded= 0
========================================================================
Received Import Request.
  Time since last request: 527.550584 seconds.
  path: Assets/Scenes/SampleScene.unity
  artifactKey: Guid(8c9cfa26abfee488c85f1582747f6a02) Importer(815301076,1909f56bfc062723c751e8b465ee728b)
Start importing Assets/Scenes/SampleScene.unity using Guid(8c9cfa26abfee488c85f1582747f6a02) Importer(815301076,1909f56bfc062723c751e8b465ee728b) (PreviewImporter) -> (artifact id: '4356a4e0efafe2da4e825d4a5b22b180') in 0.0142967 seconds
Number of updated asset objects reloaded before import = 0Number of asset objects unloaded after import = 0

========================================================================
Received Import Request.
  Time since last request: 16.720463 seconds.
  path: Assets/Photon/Fusion/release_history.txt
  artifactKey: Guid(5705adcaad7c31b439ed88af045846a1) Importer(815301076,1909f56bfc062723c751e8b465ee728b)
Start importing Assets/Photon/Fusion/release_history.txt using Guid(5705adcaad7c31b439ed88af045846a1) Importer(815301076,1909f56bfc062723c751e8b465ee728b) (PreviewImporter) -> (artifact id: '6a6ec8af798c3c6e74a75108ec6ca8d4') in 0.0230314 seconds
Number of updated asset objects reloaded before import = 0Number of asset objects unloaded after import = 1

========================================================================
Received Import Request.
  Time since last request: 0.673519 seconds.
  path: Assets/Photon/Fusion/package.json
  artifactKey: Guid(72a4f749a85f41c4c9bf79e0f66f8c71) Importer(815301076,1909f56bfc062723c751e8b465ee728b)
Start importing Assets/Photon/Fusion/package.json using Guid(72a4f749a85f41c4c9bf79e0f66f8c71) Importer(815301076,1909f56bfc062723c751e8b465ee728b) (PreviewImporter) -> (artifact id: '3c828dcd0e9c48215549b0877455394c') in 0.0010904 seconds
Number of updated asset objects reloaded before import = 0Number of asset objects unloaded after import = 1

========================================================================
Received Import Request.
  Time since last request: 0.962727 seconds.
  path: Assets/Photon/Fusion/build_info.txt
  artifactKey: Guid(7d903aaee8321384991b6195565dae93) Importer(815301076,1909f56bfc062723c751e8b465ee728b)
Start importing Assets/Photon/Fusion/build_info.txt using Guid(7d903aaee8321384991b6195565dae93) Importer(815301076,1909f56bfc062723c751e8b465ee728b) (PreviewImporter) -> (artifact id: 'e80e2e9ccfc1a11b9d57c42c7e76bf08') in 0.0011509 seconds
Number of updated asset objects reloaded before import = 0Number of asset objects unloaded after import = 1

